Arguments: 
  D:\NodeJs\node.exe D:\Yarn\bin\yarn.js add create-react-app pjy_project

PATH: 
  D:\app\oracle\product\11.2.0\server\bin;C:\Program Files (x86)\Common Files\Oracle\Java\javapath;"C:\Program Files\Java\jre1.8.0_201\bin;C:\Program Files (x86)\Common Files\Oracle\Java\javapath";C:\ProgramData\Oracle\Java\javapath;C:\Program Files (x86)\Intel\Intel(R) Management Engine Components\iCLS\;C:\Program Files\Intel\Intel(R) Management Engine Components\iCLS\;C:\Windows\system32;C:\Windows;C:\Windows\System32\Wbem;C:\Windows\System32\WindowsPowerShell\v1.0\;C:\Program Files (x86)\Intel\Intel(R) Management Engine Components\DAL;C:\Program Files\Intel\Intel(R) Management Engine Components\DAL;C:\Program Files (x86)\Intel\Intel(R) Management Engine Components\IPT;C:\Program Files\Intel\Intel(R) Management Engine Components\IPT;C:\Program Files (x86)\NVIDIA Corporation\PhysX\Common;C:\WINDOWS\system32;C:\WINDOWS;C:\WINDOWS\System32\Wbem;C:\WINDOWS\System32\WindowsPowerShell\v1.0\;C:\Program Files\dotnet\;C:\Program Files (x86)\GtkSharp\2.12\bin;C:\WINDOWS\System32\OpenSSH\;C:\Program Files\Microsoft SQL Server\110\Tools\Binn\;C:\Program Files\Microsoft\Web Platform Installer\;C:\Program Files (x86)\Microsoft ASP.NET\ASP.NET Web Pages\v1.0\;C:\Program Files\Git\cmd;C:\Program Files\OpenVPN\bin;C:\Program Files\PuTTY\;D:\NodeJs\;D:\Yarn\bin\;C:\Users\j\AppData\Local\Microsoft\WindowsApps;C:\Program Files\Bandizip\;D:\Microsoft VS Code\Microsoft VS Code\bin;D:\NodeJs;C:\Users\j\AppData\Roaming\npm;C:\Users\j\AppData\Local\Yarn\bin

Yarn version: 
  1.22.5

Node version: 
  15.4.0

Platform: 
  win32 x64

Trace: 
  Error: https://registry.yarnpkg.com/pjy_project: Not found
      at Request.params.callback [as _callback] (D:\Yarn\lib\cli.js:66097:18)
      at Request.self.callback (D:\Yarn\lib\cli.js:140749:22)
      at Request.emit (node:events:376:20)
      at Request.<anonymous> (D:\Yarn\lib\cli.js:141721:10)
      at Request.emit (node:events:376:20)
      at IncomingMessage.<anonymous> (D:\Yarn\lib\cli.js:141643:12)
      at Object.onceWrapper (node:events:482:28)
      at IncomingMessage.emit (node:events:388:22)
      at endReadableNT (node:internal/streams/readable:1295:12)
      at processTicksAndRejections (node:internal/process/task_queues:80:21)

npm manifest: 
  {
    "name": "2012721_PJY",
    "version": "1.0.0",
    "main": "index.js",
    "repository": "https://github.com/IDU-SW/2012721_PJY.git",
    "author": "PJY <yongjune28@gamil.com>",
    "license": "MIT"
  }

yarn manifest: 
  No manifest

Lockfile: 
  # THIS IS AN AUTOGENERATED FILE. DO NOT EDIT THIS FILE DIRECTLY.
  # yarn lockfile v1
